-------------------------------------------------------------------------------
Test set: com.api.demo.service.OrderAssignmentServiceTest
-------------------------------------------------------------------------------
Tests run: 2, Failures: 0, Errors: 2, Skipped: 0, Time elapsed: 0.098 s <<< FAILURE! -- in com.api.demo.service.OrderAssignmentServiceTest
com.api.demo.service.OrderAssignmentServiceTest.assignOrderToCourier_shouldNotAssignIfNoMatch -- Time elapsed: 0.095 s <<< ERROR!
java.lang.NullPointerException: Cannot invoke "org.springframework.data.redis.core.SetOperations.add(Object, Object[])" because the return value of "org.springframework.data.redis.core.RedisTemplate.opsForSet()" is null
	at com.api.demo.service.OrderAssignmentService.addOrderToPendingQueue(OrderAssignmentService.java:216)
	at com.api.demo.service.OrderAssignmentService.assignOrderToCourier(OrderAssignmentService.java:43)
	at com.api.demo.service.OrderAssignmentServiceTest.assignOrderToCourier_shouldNotAssignIfNoMatch(OrderAssignmentServiceTest.java:53)
	at java.base/java.lang.reflect.Method.invoke(Method.java:565)
	at java.base/java.util.ArrayList.forEach(ArrayList.java:1604)
	at java.base/java.util.ArrayList.forEach(ArrayList.java:1604)

com.api.demo.service.OrderAssignmentServiceTest.assignOrderToCourier_shouldAssignIfMatchFound -- Time elapsed: 0.001 s <<< ERROR!
java.lang.NullPointerException: Cannot invoke "org.springframework.data.redis.core.SetOperations.add(Object, Object[])" because the return value of "org.springframework.data.redis.core.RedisTemplate.opsForSet()" is null
	at com.api.demo.service.OrderAssignmentService.addOrderToPendingQueue(OrderAssignmentService.java:216)
	at com.api.demo.service.OrderAssignmentService.assignOrderToCourier(OrderAssignmentService.java:43)
	at com.api.demo.service.OrderAssignmentServiceTest.assignOrderToCourier_shouldAssignIfMatchFound(OrderAssignmentServiceTest.java:43)
	at java.base/java.lang.reflect.Method.invoke(Method.java:565)
	at java.base/java.util.ArrayList.forEach(ArrayList.java:1604)
	at java.base/java.util.ArrayList.forEach(ArrayList.java:1604)

